0 info it worked if it ends with ok
1 verbose cli [ '/usr/local/bin/node',
1 verbose cli   '/home/lellex/node_modules/.bin/npm',
1 verbose cli   'run',
1 verbose cli   'build' ]
2 info using npm@3.8.6
3 info using node@v5.1.0
4 verbose config Skipping project config: /home/lellex/.npmrc. (matches userconfig)
5 verbose stack Error: ENOENT: no such file or directory, open '/home/lellex/package.json'
5 verbose stack     at Error (native)
6 verbose cwd /home/lellex/Projets/accessimap/accessimap-lecteur-der/PROTOTYPE
7 error Linux 4.4.0-38-generic
8 error argv "/usr/local/bin/node" "/home/lellex/node_modules/.bin/npm" "run" "build"
9 error node v5.1.0
10 error npm  v3.8.6
11 error path /home/lellex/package.json
12 error code ENOENT
13 error errno -2
14 error syscall open
15 error enoent ENOENT: no such file or directory, open '/home/lellex/package.json'
16 error enoent ENOENT: no such file or directory, open '/home/lellex/package.json'
16 error enoent This is most likely not a problem with npm itself
16 error enoent and is related to npm not being able to find a file.
17 verbose exit [ -2, true ]
