0 info it worked if it ends with ok
1 verbose cli [ '/usr/local/bin/node',
1 verbose cli   '/home/lellex/node_modules/.bin/npm',
1 verbose cli   'publish' ]
2 info using npm@3.8.6
3 info using node@v5.1.0
4 verbose publish [ '.' ]
5 silly cache add args [ '.', null ]
6 verbose cache add spec .
7 silly cache add parsed spec Result {
7 silly cache add   raw: '.',
7 silly cache add   scope: null,
7 silly cache add   name: null,
7 silly cache add   rawSpec: '.',
7 silly cache add   spec: '/home/lellex/Projets/accessimap/accessimap-lecteur-der/Proto2/der-reader',
7 silly cache add   type: 'directory' }
8 verbose addLocalDirectory /home/lellex/.npm/@lellex/der-reader/1.0.0/package.tgz not in flight; packing
9 verbose correctMkdir /home/lellex/.npm correctMkdir not in flight; initializing
10 info lifecycle @lellex/der-reader@1.0.0~prepublish: @lellex/der-reader@1.0.0
11 silly lifecycle @lellex/der-reader@1.0.0~prepublish: no script for prepublish, continuing
12 verbose tar pack [ '/home/lellex/.npm/@lellex/der-reader/1.0.0/package.tgz',
12 verbose tar pack   '/home/lellex/Projets/accessimap/accessimap-lecteur-der/Proto2/der-reader' ]
13 verbose tarball /home/lellex/.npm/@lellex/der-reader/1.0.0/package.tgz
14 verbose folder /home/lellex/Projets/accessimap/accessimap-lecteur-der/Proto2/der-reader
15 verbose addLocalTarball adding from inside cache /home/lellex/.npm/@lellex/der-reader/1.0.0/package.tgz
16 verbose correctMkdir /home/lellex/.npm correctMkdir not in flight; initializing
17 silly cache afterAdd @lellex/der-reader@1.0.0
18 verbose afterAdd /home/lellex/.npm/@lellex/der-reader/1.0.0/package/package.json not in flight; writing
19 verbose correctMkdir /home/lellex/.npm correctMkdir not in flight; initializing
20 verbose afterAdd /home/lellex/.npm/@lellex/der-reader/1.0.0/package/package.json written
21 silly publish { name: '@lellex/der-reader',
21 silly publish   version: '1.0.0',
21 silly publish   main: 'derReader.electron.js',
21 silly publish   author: { name: 'Alexandra JANIN' },
21 silly publish   license: 'MIT',
21 silly publish   devDependencies: {},
21 silly publish   description: '',
21 silly publish   readme: 'ERROR: No README data found!',
21 silly publish   _id: '@lellex/der-reader@1.0.0',
21 silly publish   scripts: {},
21 silly publish   _shasum: '100da61c8587bdf880207ae9026242c03556d992',
21 silly publish   _from: '.' }
22 verbose getPublishConfig undefined
23 silly mapToRegistry name @lellex/der-reader
24 silly mapToRegistry scope (from package name) @lellex
25 verbose mapToRegistry no registry URL found in name for scope @lellex
26 silly mapToRegistry using default registry
27 silly mapToRegistry registry https://registry.npmjs.org/
28 silly mapToRegistry data Result {
28 silly mapToRegistry   raw: '@lellex/der-reader',
28 silly mapToRegistry   scope: '@lellex',
28 silly mapToRegistry   name: '@lellex/der-reader',
28 silly mapToRegistry   rawSpec: '',
28 silly mapToRegistry   spec: 'latest',
28 silly mapToRegistry   type: 'tag' }
29 silly mapToRegistry uri https://registry.npmjs.org/@lellex%2fder-reader
30 verbose publish registryBase https://registry.npmjs.org/
31 silly publish uploading /home/lellex/.npm/@lellex/der-reader/1.0.0/package.tgz
32 verbose request uri https://registry.npmjs.org/@lellex%2fder-reader
33 verbose request sending authorization for write operation
34 info attempt registry request try #1 at 17:22:59
35 verbose request using bearer token for auth
36 verbose request id 305ca5687e057d75
37 http request PUT https://registry.npmjs.org/@lellex%2fder-reader
38 http 402 https://registry.npmjs.org/@lellex%2fder-reader
39 verbose headers { 'content-type': 'application/json',
39 verbose headers   'cache-control': 'max-age=0',
39 verbose headers   'content-length': '119',
39 verbose headers   'accept-ranges': 'bytes',
39 verbose headers   date: 'Mon, 02 May 2016 15:22:59 GMT',
39 verbose headers   via: '1.1 varnish',
39 verbose headers   connection: 'keep-alive',
39 verbose headers   'x-served-by': 'cache-fra1222-FRA',
39 verbose headers   'x-cache': 'MISS',
39 verbose headers   'x-cache-hits': '0',
39 verbose headers   'x-timer': 'S1462202579.256708,VS0,VE624' }
40 verbose request invalidating /home/lellex/.npm/registry.npmjs.org/_40lellex_252fder-reader on PUT
41 error publish Failed PUT 402
42 verbose stack Error: You need a paid account to perform this action. For more info, visit: https://www.npmjs.com/private-modules : @lellex/der-reader
42 verbose stack     at makeError (/home/lellex/node_modules/npm/node_modules/npm-registry-client/lib/request.js:264:12)
42 verbose stack     at CachingRegistryClient.<anonymous> (/home/lellex/node_modules/npm/node_modules/npm-registry-client/lib/request.js:252:14)
42 verbose stack     at Request._callback (/home/lellex/node_modules/npm/node_modules/npm-registry-client/lib/request.js:172:14)
42 verbose stack     at Request.self.callback (/home/lellex/node_modules/npm/node_modules/request/request.js:199:22)
42 verbose stack     at emitTwo (events.js:87:13)
42 verbose stack     at Request.emit (events.js:172:7)
42 verbose stack     at Request.<anonymous> (/home/lellex/node_modules/npm/node_modules/request/request.js:1036:10)
42 verbose stack     at emitOne (events.js:82:20)
42 verbose stack     at Request.emit (events.js:169:7)
42 verbose stack     at IncomingMessage.<anonymous> (/home/lellex/node_modules/npm/node_modules/request/request.js:963:12)
43 verbose statusCode 402
44 verbose pkgid @lellex/der-reader
45 verbose cwd /home/lellex/Projets/accessimap/accessimap-lecteur-der/Proto2/der-reader
46 error Linux 4.2.0-35-generic
47 error argv "/usr/local/bin/node" "/home/lellex/node_modules/.bin/npm" "publish"
48 error node v5.1.0
49 error npm  v3.8.6
50 error code E402
51 error You need a paid account to perform this action. For more info, visit: https://www.npmjs.com/private-modules : @lellex/der-reader
52 error If you need help, you may report this error at:
52 error     <https://github.com/npm/npm/issues>
53 verbose exit [ 1, true ]
